[debug] [2025-09-03T18:30:04.032Z] ----------------------------------------------------------------------
[debug] [2025-09-03T18:30:04.035Z] Command:       C:\Program Files\nodejs\node.exe C:\Users\Anjali Pal\AppData\Roaming\npm\node_modules\firebase-tools\lib\bin\firebase.js init
[debug] [2025-09-03T18:30:04.036Z] CLI Version:   14.15.1
[debug] [2025-09-03T18:30:04.036Z] Platform:      win32
[debug] [2025-09-03T18:30:04.036Z] Node Version:  v22.19.0
[debug] [2025-09-03T18:30:04.036Z] Time:          Thu Sep 04 2025 00:00:04 GMT+0530 (India Standard Time)
[debug] [2025-09-03T18:30:04.036Z] ----------------------------------------------------------------------
[debug] 
[debug] [2025-09-03T18:30:04.044Z] > command requires scopes: ["email","openid","https://www.googleapis.com/auth/cloudplatformprojects.readonly","https://www.googleapis.com/auth/firebase","https://www.googleapis.com/auth/cloud-platform"]
[debug] [2025-09-03T18:30:04.045Z] > authorizing via signed-in user (anjalipal2005.pal@gmail.com)
[info] 
     ######## #### ########  ######## ########     ###     ######  ########
     ##        ##  ##     ## ##       ##     ##  ##   ##  ##       ##
     ######    ##  ########  ######   ########  #########  ######  ######
     ##        ##  ##    ##  ##       ##     ## ##     ##       ## ##
     ##       #### ##     ## ######## ########  ##     ##  ######  ########

You're about to initialize a Firebase project in this directory:

  D:\SIH2022-master

[info] 
=== Project Setup
[info] 
[info] First, let's associate this project directory with a Firebase project.
[info] You can create multiple project aliases by running firebase use --add, 
[info] but for now we'll just set up a default project.
[info] 
[debug] [2025-09-03T18:30:45.679Z] Using project from CLI flag: krishi-sadhan-f517c
[debug] [2025-09-03T18:30:45.682Z] Checked if tokens are valid: true, expires at: 1756927398896
[debug] [2025-09-03T18:30:45.683Z] Checked if tokens are valid: true, expires at: 1756927398896
[debug] [2025-09-03T18:30:45.685Z] >>> [apiv2][query] GET https://firebase.googleapis.com/v1beta1/projects/krishi-sadhan-f517c [none]
[debug] [2025-09-03T18:30:46.526Z] <<< [apiv2][status] GET https://firebase.googleapis.com/v1beta1/projects/krishi-sadhan-f517c 200
[debug] [2025-09-03T18:30:46.526Z] <<< [apiv2][body] GET https://firebase.googleapis.com/v1beta1/projects/krishi-sadhan-f517c {"projectId":"krishi-sadhan-f517c","projectNumber":"480302801023","displayName":"Krishi Sadhan","name":"projects/krishi-sadhan-f517c","resources":{"hostingSite":"krishi-sadhan-f517c"},"state":"ACTIVE","etag":"1_7f2f080c-bbf5-4d48-a995-9b0854758001"}
[info] i  Using project krishi-sadhan-f517c (Krishi Sadhan) 
[info] 
=== Hosting Setup
[debug] [2025-09-03T18:30:46.725Z] Checked if tokens are valid: true, expires at: 1756927398896
[debug] [2025-09-03T18:30:46.725Z] Checked if tokens are valid: true, expires at: 1756927398896
[debug] [2025-09-03T18:30:46.725Z] >>> [apiv2][query] GET https://firebase.googleapis.com/v1beta1/projects/krishi-sadhan-f517c [none]
[debug] [2025-09-03T18:30:47.141Z] <<< [apiv2][status] GET https://firebase.googleapis.com/v1beta1/projects/krishi-sadhan-f517c 200
[debug] [2025-09-03T18:30:47.142Z] <<< [apiv2][body] GET https://firebase.googleapis.com/v1beta1/projects/krishi-sadhan-f517c {"projectId":"krishi-sadhan-f517c","projectNumber":"480302801023","displayName":"Krishi Sadhan","name":"projects/krishi-sadhan-f517c","resources":{"hostingSite":"krishi-sadhan-f517c"},"state":"ACTIVE","etag":"1_7f2f080c-bbf5-4d48-a995-9b0854758001"}
[info] 
[info] Your public directory is the folder (relative to your project directory) that
[info] will contain Hosting assets to be uploaded with firebase deploy. If you
[info] have a build process for your assets, use your build's output directory.
[info] 
[debug] [2025-09-03T18:31:28.873Z] >>> [apiv2][query] GET https://www.gstatic.com/firebasejs/releases.json [none]
[debug] [2025-09-03T18:31:28.916Z] <<< [apiv2][status] GET https://www.gstatic.com/firebasejs/releases.json 200
[debug] [2025-09-03T18:31:28.917Z] <<< [apiv2][body] GET https://www.gstatic.com/firebasejs/releases.json {"current":{"version":"12.2.1","browserURL":"https://www.gstatic.com/firebasejs/12.2.1/firebase.js","packageURL":"https://www.gstatic.com/firebasejs/12.2.1/firebase.tgz"},"live":{"version":"12.2","browserURL":"https://www.gstatic.com/firebasejs/live/12.2/firebase.js","packageURL":"https://www.gstatic.com/firebasejs/live/12.2/firebase.tgz"},"components":{"ai":"https://www.gstatic.com/firebasejs/12.2.1/firebase-ai.js","analytics":"https://www.gstatic.com/firebasejs/12.2.1/firebase-analytics.js","app":"https://www.gstatic.com/firebasejs/12.2.1/firebase-app.js","app-check":"https://www.gstatic.com/firebasejs/12.2.1/firebase-app-check.js","auth":"https://www.gstatic.com/firebasejs/12.2.1/firebase-auth.js","auth/cordova":"https://www.gstatic.com/firebasejs/12.2.1/firebase-auth/cordova.js","auth/web-extension":"https://www.gstatic.com/firebasejs/12.2.1/firebase-auth/web-extension.js","functions":"https://www.gstatic.com/firebasejs/12.2.1/firebase-functions.js","firestore":"https://www.gstatic.com/firebasejs/12.2.1/firebase-firestore.js","firestore/lite":"https://www.gstatic.com/firebasejs/12.2.1/firebase-firestore/lite.js","installations":"https://www.gstatic.com/firebasejs/12.2.1/firebase-installations.js","storage":"https://www.gstatic.com/firebasejs/12.2.1/firebase-storage.js","performance":"https://www.gstatic.com/firebasejs/12.2.1/firebase-performance.js","remote-config":"https://www.gstatic.com/firebasejs/12.2.1/firebase-remote-config.js","messaging":"https://www.gstatic.com/firebasejs/12.2.1/firebase-messaging.js","messaging/sw":"https://www.gstatic.com/firebasejs/12.2.1/firebase-messaging/sw.js","database":"https://www.gstatic.com/firebasejs/12.2.1/firebase-database.js","data-connect":"https://www.gstatic.com/firebasejs/12.2.1/firebase-data-connect.js","firestore.memory":"https://www.gstatic.com/firebasejs/12.2.1/firebase-firestore.memory.js"}}
[info] +  Wrote type build/index.html 
[info] 
[info] i  Didn't detect a .git folder. Assuming D:\SIH2022-master is the project root. 
[info] i  Authorizing with GitHub to upload your service account to a GitHub repository's secrets store. 
[info] 
[info] Visit this URL on this device to log in:
[info] https://github.com/login/oauth/authorize?client_id=89cf50f02ac6aaed3484&state=815251978&redirect_uri=http%3A%2F%2Flocalhost%3A9005&scope=read%3Auser%20repo%20public_repo
[info] 
[info] Waiting for authentication...
